<?xml version="1.0" encoding="UTF-8"?>
<project xmlns="http://maven.apache.org/POM/4.0.0" xmlns:xsi="http://www.w3.org/2001/XMLSchema-instance"
	xsi:schemaLocation="http://maven.apache.org/POM/4.0.0 http://maven.apache.org/maven-v4_0_0.xsd">
	<modelVersion>4.0.0</modelVersion>

	<packaging>eclipse-test-plugin</packaging>

	<properties>
		<testType>Continuous</testType>
	</properties>

	<profiles>
		<profile>
			<id>plugin-source</id>
			<activation>
				<activeByDefault>${generate.sources}</activeByDefault>
			</activation>
			<build>
				<plugins>
					<plugin>
						<groupId>org.eclipse.tycho</groupId>
						<artifactId>tycho-source-plugin</artifactId>
						<executions>
							<execution>
								<id>plugin-source</id>
								<goals>
									<goal>plugin-source</goal>
								</goals>
							</execution>
						</executions>
					</plugin>
				</plugins>
			</build>
		</profile>
	</profiles>

	<build>
		<plugins>
			<plugin>
				<groupId>org.eclipse.tycho</groupId>
				<artifactId>tycho-surefire-plugin</artifactId>
				<configuration>
					<useUIHarness>${bundle.requiresUI}</useUIHarness>
					<testSuite>${bundle.symbolicName}</testSuite>
					<testClass>${bundle.symbolicName}.All${testType}Tests</testClass>
					${bundle.testDependenciesXML}
				</configuration>
			</plugin>
		</plugins>
	</build>

</project>
